d:\cppinstance\learndirectx\learndirect3d11\learndirect3d11\debug\learndirect3d11.pch
d:\cppinstance\learndirectx\learndirect3d11\learndirect3d11\debug\vc141.pdb
d:\cppinstance\learndirectx\learndirect3d11\learndirect3d11\debug\vc141.idb
d:\cppinstance\learndirectx\learndirect3d11\learndirect3d11\debug\stdafx.obj
d:\cppinstance\learndirectx\learndirect3d11\learndirect3d11\debug\learndirect3d11.obj
d:\cppinstance\learndirectx\learndirect3d11\learndirect3d11\debug\d3dapp.obj
d:\cppinstance\learndirectx\learndirect3d11\learndirect3d11\debug\gametimer.obj
d:\cppinstance\learndirectx\learndirect3d11\learndirect3d11\debug\initdirect3dapp.obj
d:\cppinstance\learndirectx\learndirect3d11\learndirect3d11\debug\sampel1_drawboxcpp.obj
d:\cppinstance\learndirectx\learndirect3d11\learndirect3d11\shader\test1.fxo
d:\cppinstance\learndirectx\learndirect3d11\debug\learndirect3d11.exe
d:\cppinstance\learndirectx\learndirect3d11\debug\learndirect3d11.ilk
d:\cppinstance\learndirectx\learndirect3d11\debug\learndirect3d11.pdb
d:\cppinstance\learndirectx\learndirect3d11\learndirect3d11\debug\learndirect3d11.res
d:\cppinstance\learndirectx\learndirect3d11\learndirect3d11\debug\learndirect3d11.tlog\cl.command.1.tlog
d:\cppinstance\learndirectx\learndirect3d11\learndirect3d11\debug\learndirect3d11.tlog\cl.read.1.tlog
d:\cppinstance\learndirectx\learndirect3d11\learndirect3d11\debug\learndirect3d11.tlog\cl.write.1.tlog
d:\cppinstance\learndirectx\learndirect3d11\learndirect3d11\debug\learndirect3d11.tlog\custombuild.command.1.tlog
d:\cppinstance\learndirectx\learndirect3d11\learndirect3d11\debug\learndirect3d11.tlog\custombuild.read.1.tlog
d:\cppinstance\learndirectx\learndirect3d11\learndirect3d11\debug\learndirect3d11.tlog\custombuild.write.1.tlog
d:\cppinstance\learndirectx\learndirect3d11\learndirect3d11\debug\learndirect3d11.tlog\fxc.command.1.tlog
d:\cppinstance\learndirectx\learndirect3d11\learndirect3d11\debug\learndirect3d11.tlog\fxc.read.1.tlog
d:\cppinstance\learndirectx\learndirect3d11\learndirect3d11\debug\learndirect3d11.tlog\fxc.write.1.tlog
d:\cppinstance\learndirectx\learndirect3d11\learndirect3d11\debug\learndirect3d11.tlog\link-cvtres.read.1.tlog
d:\cppinstance\learndirectx\learndirect3d11\learndirect3d11\debug\learndirect3d11.tlog\link-cvtres.write.1.tlog
d:\cppinstance\learndirectx\learndirect3d11\learndirect3d11\debug\learndirect3d11.tlog\link-rc.read.1.tlog
d:\cppinstance\learndirectx\learndirect3d11\learndirect3d11\debug\learndirect3d11.tlog\link-rc.write.1.tlog
d:\cppinstance\learndirectx\learndirect3d11\learndirect3d11\debug\learndirect3d11.tlog\link.11676.read.1.tlog
d:\cppinstance\learndirectx\learndirect3d11\learndirect3d11\debug\learndirect3d11.tlog\link.11676.write.1.tlog
d:\cppinstance\learndirectx\learndirect3d11\learndirect3d11\debug\learndirect3d11.tlog\link.9356.9176.read.1.tlog
d:\cppinstance\learndirectx\learndirect3d11\learndirect3d11\debug\learndirect3d11.tlog\link.9356.9176.write.1.tlog
d:\cppinstance\learndirectx\learndirect3d11\learndirect3d11\debug\learndirect3d11.tlog\link.9356.read.1.tlog
d:\cppinstance\learndirectx\learndirect3d11\learndirect3d11\debug\learndirect3d11.tlog\link.9356.write.1.tlog
d:\cppinstance\learndirectx\learndirect3d11\learndirect3d11\debug\learndirect3d11.tlog\link.command.1.tlog
d:\cppinstance\learndirectx\learndirect3d11\learndirect3d11\debug\learndirect3d11.tlog\link.read.1.tlog
d:\cppinstance\learndirectx\learndirect3d11\learndirect3d11\debug\learndirect3d11.tlog\link.write.1.tlog
d:\cppinstance\learndirectx\learndirect3d11\learndirect3d11\debug\learndirect3d11.tlog\rc.command.1.tlog
d:\cppinstance\learndirectx\learndirect3d11\learndirect3d11\debug\learndirect3d11.tlog\rc.read.1.tlog
d:\cppinstance\learndirectx\learndirect3d11\learndirect3d11\debug\learndirect3d11.tlog\rc.write.1.tlog
